INFO  started: Metals version 0.8.3 in workspace '/media/ant/39fd27ec-9fa5-40a8-9f8f-3f50bdf760d01/OldJavaProg/CovidTimeSeries'
INFO  time: initialize in 0.29s
WARN  no build target for: /media/ant/39fd27ec-9fa5-40a8-9f8f-3f50bdf760d01/OldJavaProg/CovidTimeSeries/src/main/scala/Covid.scala
Mar 23, 2020 7:33:59 PM org.eclipse.lsp4j.jsonrpc.RemoteEndpoint handleCancellation
WARNING: Unmatched cancel notification for request id 1
INFO  no build target: using presentation compiler with only scala-library
Mar 23, 2020 7:34:01 PM org.eclipse.lsp4j.jsonrpc.RemoteEndpoint handleCancellation
WARNING: Unmatched cancel notification for request id 9
Mar 23, 2020 7:34:01 PM org.eclipse.lsp4j.jsonrpc.RemoteEndpoint handleCancellation
WARNING: Unmatched cancel notification for request id 12
Mar 23, 2020 7:34:07 PM org.eclipse.lsp4j.jsonrpc.RemoteEndpoint fallbackResponseError
SEVERE: Internal error: java.lang.StringIndexOutOfBoundsException: String index out of range: -1
java.util.concurrent.CompletionException: java.lang.StringIndexOutOfBoundsException: String index out of range: -1
	at java.util.concurrent.CompletableFuture.encodeThrowable(CompletableFuture.java:292)
	at java.util.concurrent.CompletableFuture.completeThrowable(CompletableFuture.java:308)
	at java.util.concurrent.CompletableFuture.uniAccept(CompletableFuture.java:661)
	at java.util.concurrent.CompletableFuture$UniAccept.tryFire(CompletableFuture.java:646)
	at java.util.concurrent.CompletableFuture.postComplete(CompletableFuture.java:488)
	at java.util.concurrent.CompletableFuture.completeExceptionally(CompletableFuture.java:1990)
	at scala.meta.internal.metals.CancelTokens$.$anonfun$future$1(CancelTokens.scala:38)
	at scala.meta.internal.metals.CancelTokens$.$anonfun$future$1$adapted(CancelTokens.scala:36)
	at scala.concurrent.impl.CallbackRunnable.run(Promise.scala:64)
	at java.util.concurrent.ThreadPoolExecutor.runWorker(ThreadPoolExecutor.java:1149)
	at java.util.concurrent.ThreadPoolExecutor$Worker.run(ThreadPoolExecutor.java:624)
	at java.lang.Thread.run(Thread.java:748)
Caused by: java.lang.StringIndexOutOfBoundsException: String index out of range: -1
	at java.lang.String.charAt(String.java:658)
	at scala.collection.immutable.StringOps$.apply$extension(StringOps.scala:41)
	at scala.meta.internal.metals.MetalsEnrichments$XtensionString.lastIndexBetween(MetalsEnrichments.scala:408)
	at scala.meta.internal.metals.MultilineStringFormattingProvider.pipeInScope(MultilineStringFormattingProvider.scala:93)
	at scala.meta.internal.metals.MultilineStringFormattingProvider.$anonfun$withToken$1(MultilineStringFormattingProvider.scala:139)
	at scala.concurrent.Future$.$anonfun$apply$1(Future.scala:659)
	at scala.util.Success.$anonfun$map$1(Try.scala:255)
	at scala.util.Success.map(Try.scala:213)
	at scala.concurrent.Future.$anonfun$map$1(Future.scala:292)
	at scala.concurrent.impl.Promise.liftedTree1$1(Promise.scala:33)
	at scala.concurrent.impl.Promise.$anonfun$transform$1(Promise.scala:33)
	... 4 more

WARN  no build target for: /media/ant/39fd27ec-9fa5-40a8-9f8f-3f50bdf760d01/OldJavaProg/CovidTimeSeries/src/main/scala/Covid.scala
WARN  no build target for: /media/ant/39fd27ec-9fa5-40a8-9f8f-3f50bdf760d01/OldJavaProg/CovidTimeSeries/src/main/scala/Covid.scala
WARN  no build target for: /media/ant/39fd27ec-9fa5-40a8-9f8f-3f50bdf760d01/OldJavaProg/CovidTimeSeries/src/main/scala/Covid.scala
WARN  no build target for: /media/ant/39fd27ec-9fa5-40a8-9f8f-3f50bdf760d01/OldJavaProg/CovidTimeSeries/src/main/scala/Covid.scala
WARN  no build target for: /media/ant/39fd27ec-9fa5-40a8-9f8f-3f50bdf760d01/OldJavaProg/CovidTimeSeries/src/main/scala/Covid.scala
something's wrong: no file:///media/ant/39fd27ec-9fa5-40a8-9f8f-3f50bdf760d01/OldJavaProg/CovidTimeSeries/src/main/scala/Covid.scala in List[<error>]RangePosition(file:///media/ant/39fd27ec-9fa5-40a8-9f8f-3f50bdf760d01/OldJavaProg/CovidTimeSeries/src/main/scala/Covid.scala, 306, 306, 559)
something's wrong: no file:///media/ant/39fd27ec-9fa5-40a8-9f8f-3f50bdf760d01/OldJavaProg/CovidTimeSeries/src/main/scala/Covid.scala in List[<error>]RangePosition(file:///media/ant/39fd27ec-9fa5-40a8-9f8f-3f50bdf760d01/OldJavaProg/CovidTimeSeries/src/main/scala/Covid.scala, 306, 306, 320)
something's wrong: no file:///media/ant/39fd27ec-9fa5-40a8-9f8f-3f50bdf760d01/OldJavaProg/CovidTimeSeries/src/main/scala/Covid.scala in List[<error>]RangePosition(file:///media/ant/39fd27ec-9fa5-40a8-9f8f-3f50bdf760d01/OldJavaProg/CovidTimeSeries/src/main/scala/Covid.scala, 306, 306, 313)
something's wrong: no file:///media/ant/39fd27ec-9fa5-40a8-9f8f-3f50bdf760d01/OldJavaProg/CovidTimeSeries/src/main/scala/Covid.scala in List[<error>]RangePosition(file:///media/ant/39fd27ec-9fa5-40a8-9f8f-3f50bdf760d01/OldJavaProg/CovidTimeSeries/src/main/scala/Covid.scala, 306, 306, 314)
something's wrong: no file:///media/ant/39fd27ec-9fa5-40a8-9f8f-3f50bdf760d01/OldJavaProg/CovidTimeSeries/src/main/scala/Covid.scala in List[<error>]RangePosition(file:///media/ant/39fd27ec-9fa5-40a8-9f8f-3f50bdf760d01/OldJavaProg/CovidTimeSeries/src/main/scala/Covid.scala, 306, 306, 315)
something's wrong: no file:///media/ant/39fd27ec-9fa5-40a8-9f8f-3f50bdf760d01/OldJavaProg/CovidTimeSeries/src/main/scala/Covid.scala in List[<error>]RangePosition(file:///media/ant/39fd27ec-9fa5-40a8-9f8f-3f50bdf760d01/OldJavaProg/CovidTimeSeries/src/main/scala/Covid.scala, 306, 306, 316)
something's wrong: no file:///media/ant/39fd27ec-9fa5-40a8-9f8f-3f50bdf760d01/OldJavaProg/CovidTimeSeries/src/main/scala/Covid.scala in List[<error>]RangePosition(file:///media/ant/39fd27ec-9fa5-40a8-9f8f-3f50bdf760d01/OldJavaProg/CovidTimeSeries/src/main/scala/Covid.scala, 306, 306, 316)
something's wrong: no file:///media/ant/39fd27ec-9fa5-40a8-9f8f-3f50bdf760d01/OldJavaProg/CovidTimeSeries/src/main/scala/Covid.scala in List[<error>]RangePosition(file:///media/ant/39fd27ec-9fa5-40a8-9f8f-3f50bdf760d01/OldJavaProg/CovidTimeSeries/src/main/scala/Covid.scala, 306, 306, 316)
something's wrong: no file:///media/ant/39fd27ec-9fa5-40a8-9f8f-3f50bdf760d01/OldJavaProg/CovidTimeSeries/src/main/scala/Covid.scala in List[<error>]RangePosition(file:///media/ant/39fd27ec-9fa5-40a8-9f8f-3f50bdf760d01/OldJavaProg/CovidTimeSeries/src/main/scala/Covid.scala, 306, 306, 316)
WARN  no build target for: /media/ant/39fd27ec-9fa5-40a8-9f8f-3f50bdf760d01/OldJavaProg/CovidTimeSeries/src/main/scala/Covid.scala
WARN  no build target for: /media/ant/39fd27ec-9fa5-40a8-9f8f-3f50bdf760d01/OldJavaProg/CovidTimeSeries/src/main/scala/Covid.scala
WARN  no build target for: /media/ant/39fd27ec-9fa5-40a8-9f8f-3f50bdf760d01/OldJavaProg/CovidTimeSeries/src/main/scala/Covid.scala
WARN  no build target for: /media/ant/39fd27ec-9fa5-40a8-9f8f-3f50bdf760d01/OldJavaProg/CovidTimeSeries/src/main/scala/Covid.scala
WARN  no build target for: /media/ant/39fd27ec-9fa5-40a8-9f8f-3f50bdf760d01/OldJavaProg/CovidTimeSeries/src/main/scala/Covid.scala
WARN  no build target for: /media/ant/39fd27ec-9fa5-40a8-9f8f-3f50bdf760d01/OldJavaProg/CovidTimeSeries/src/main/scala/Covid.scala
WARN  no build target for: /media/ant/39fd27ec-9fa5-40a8-9f8f-3f50bdf760d01/OldJavaProg/CovidTimeSeries/src/main/scala/Covid.scala
WARN  no build target for: /media/ant/39fd27ec-9fa5-40a8-9f8f-3f50bdf760d01/OldJavaProg/CovidTimeSeries/src/main/scala/Covid.scala
WARN  no build target for: /media/ant/39fd27ec-9fa5-40a8-9f8f-3f50bdf760d01/OldJavaProg/CovidTimeSeries/src/main/scala/Covid.scala
WARN  no build target for: /media/ant/39fd27ec-9fa5-40a8-9f8f-3f50bdf760d01/OldJavaProg/CovidTimeSeries/src/main/scala/Covid.scala
WARN  no build target for: /media/ant/39fd27ec-9fa5-40a8-9f8f-3f50bdf760d01/OldJavaProg/CovidTimeSeries/src/main/scala/Covid.scala
WARN  no build target for: /media/ant/39fd27ec-9fa5-40a8-9f8f-3f50bdf760d01/OldJavaProg/CovidTimeSeries/src/main/scala/Covid.scala
WARN  no build target for: /media/ant/39fd27ec-9fa5-40a8-9f8f-3f50bdf760d01/OldJavaProg/CovidTimeSeries/src/main/scala/Covid.scala
WARN  no build target for: /media/ant/39fd27ec-9fa5-40a8-9f8f-3f50bdf760d01/OldJavaProg/CovidTimeSeries/src/main/scala/Covid.scala
WARN  no build target for: /media/ant/39fd27ec-9fa5-40a8-9f8f-3f50bdf760d01/OldJavaProg/CovidTimeSeries/src/main/scala/Covid.scala
WARN  no build target for: /media/ant/39fd27ec-9fa5-40a8-9f8f-3f50bdf760d01/OldJavaProg/CovidTimeSeries/src/main/scala/Covid.scala
WARN  no build target for: /media/ant/39fd27ec-9fa5-40a8-9f8f-3f50bdf760d01/OldJavaProg/CovidTimeSeries/src/main/scala/Covid.scala
WARN  no build target for: /media/ant/39fd27ec-9fa5-40a8-9f8f-3f50bdf760d01/OldJavaProg/CovidTimeSeries/src/main/scala/Covid.scala
WARN  no build target for: /media/ant/39fd27ec-9fa5-40a8-9f8f-3f50bdf760d01/OldJavaProg/CovidTimeSeries/src/main/scala/Covid.scala
WARN  no build target for: /media/ant/39fd27ec-9fa5-40a8-9f8f-3f50bdf760d01/OldJavaProg/CovidTimeSeries/src/main/scala/Covid.scala
WARN  no build target for: /media/ant/39fd27ec-9fa5-40a8-9f8f-3f50bdf760d01/OldJavaProg/CovidTimeSeries/src/main/scala/Covid.scala
WARN  no build target for: /media/ant/39fd27ec-9fa5-40a8-9f8f-3f50bdf760d01/OldJavaProg/CovidTimeSeries/src/main/scala/Covid.scala
WARN  no build target for: /media/ant/39fd27ec-9fa5-40a8-9f8f-3f50bdf760d01/OldJavaProg/CovidTimeSeries/src/main/scala/Covid.scala
WARN  no build target for: /media/ant/39fd27ec-9fa5-40a8-9f8f-3f50bdf760d01/OldJavaProg/CovidTimeSeries/src/main/scala/Covid.scala
WARN  no build target for: /media/ant/39fd27ec-9fa5-40a8-9f8f-3f50bdf760d01/OldJavaProg/CovidTimeSeries/src/main/scala/Covid.scala
WARN  no build target for: /media/ant/39fd27ec-9fa5-40a8-9f8f-3f50bdf760d01/OldJavaProg/CovidTimeSeries/src/main/scala/Covid.scala
WARN  no build target for: /media/ant/39fd27ec-9fa5-40a8-9f8f-3f50bdf760d01/OldJavaProg/CovidTimeSeries/src/main/scala/Covid.scala
Mar 23, 2020 8:30:29 PM org.eclipse.lsp4j.jsonrpc.RemoteEndpoint handleCancellation
WARNING: Unmatched cancel notification for request id 3228
Mar 23, 2020 8:30:43 PM org.eclipse.lsp4j.jsonrpc.RemoteEndpoint handleCancellation
WARNING: Unmatched cancel notification for request id 3280
WARN  no build target for: /media/ant/39fd27ec-9fa5-40a8-9f8f-3f50bdf760d01/OldJavaProg/CovidTimeSeries/src/main/scala/Covid.scala
